# JRE version: OpenJDK Runtime Environment (8.0_242) (build 1.8.0_242-release-1644-b3-6222593)
# Java VM: OpenJDK 64-Bit Server VM (25.242-b3-6222593 mixed mode bsd-amd64 compressed oops)
Heap:
 PSYoungGen      total 160768K, used 24283K [0x00000007a0000000, 0x00000007aca00000, 0x00000007c0000000)
  eden space 121856K, 13% used [0x00000007a0000000,0x00000007a0f9df38,0x00000007a7700000)
  from space 38912K, 21% used [0x00000007a7700000,0x00000007a7f19040,0x00000007a9d00000)
  to   space 38400K, 0% used [0x00000007aa480000,0x00000007aa480000,0x00000007aca00000)
 ParOldGen       total 216576K, used 185842K [0x0000000760000000, 0x000000076d380000, 0x00000007a0000000)
  object space 216576K, 85% used [0x0000000760000000,0x000000076b57cbd0,0x000000076d380000)
 Metaspace       used 95347K, capacity 99396K, committed 99928K, reserved 1136640K
  class space    used 12656K, capacity 13506K, committed 13696K, reserved 1048576K
GC Heap History (10 events):
Event: 118.311 GC heap before
{Heap before GC invocations=35 (full 3):
 PSYoungGen      total 133632K, used 133586K [0x00000007a0000000, 0x00000007ab700000, 0x00000007c0000000)
  eden space 105472K, 99% used [0x00000007a0000000,0x00000007a66fba40,0x00000007a6700000)
  from space 28160K, 99% used [0x00000007a6700000,0x00000007a8278dd8,0x00000007a8280000)
  to   space 35328K, 0% used [0x00000007a9480000,0x00000007a9480000,0x00000007ab700000)
 ParOldGen       total 102912K, used 66150K [0x0000000760000000, 0x0000000766480000, 0x00000007a0000000)
  object space 102912K, 64% used [0x0000000760000000,0x0000000764099880,0x0000000766480000)
 Metaspace       used 90342K, capacity 94356K, committed 94552K, reserved 1130496K
  class space    used 12267K, capacity 13137K, committed 13184K, reserved 1048576K
Event: 118.385 GC heap after
Heap after GC invocations=35 (full 3):
 PSYoungGen      total 148480K, used 30683K [0x00000007a0000000, 0x00000007abf00000, 0x00000007c0000000)
  eden space 113152K, 0% used [0x00000007a0000000,0x00000007a0000000,0x00000007a6e80000)
  from space 35328K, 86% used [0x00000007a9480000,0x00000007ab276d60,0x00000007ab700000)
  to   space 38912K, 0% used [0x00000007a6e80000,0x00000007a6e80000,0x00000007a9480000)
 ParOldGen       total 102912K, used 71020K [0x0000000760000000, 0x0000000766480000, 0x00000007a0000000)
  object space 102912K, 69% used [0x0000000760000000,0x000000076455b308,0x0000000766480000)
 Metaspace       used 90342K, capacity 94356K, committed 94552K, reserved 1130496K
  class space    used 12267K, capacity 13137K, committed 13184K, reserved 1048576K
}
Event: 122.080 GC heap before
{Heap before GC invocations=36 (full 3):
 PSYoungGen      total 148480K, used 143835K [0x00000007a0000000, 0x00000007abf00000, 0x00000007c0000000)
  eden space 113152K, 100% used [0x00000007a0000000,0x00000007a6e80000,0x00000007a6e80000)
  from space 35328K, 86% used [0x00000007a9480000,0x00000007ab276d60,0x00000007ab700000)
  to   space 38912K, 0% used [0x00000007a6e80000,0x00000007a6e80000,0x00000007a9480000)
 ParOldGen       total 102912K, used 74044K [0x0000000760000000, 0x0000000766480000, 0x00000007a0000000)
  object space 102912K, 71% used [0x0000000760000000,0x000000076484f108,0x0000000766480000)
 Metaspace       used 91238K, capacity 95378K, committed 95448K, reserved 1132544K
  class space    used 12396K, capacity 13286K, committed 13312K, reserved 1048576K
Event: 122.098 GC heap after
Heap after GC invocations=36 (full 3):
 PSYoungGen      total 152064K, used 20097K [0x00000007a0000000, 0x00000007ac200000, 0x00000007c0000000)
  eden space 113152K, 0% used [0x00000007a0000000,0x00000007a0000000,0x00000007a6e80000)
  from space 38912K, 51% used [0x00000007a6e80000,0x00000007a82205b8,0x00000007a9480000)
  to   space 37888K, 0% used [0x00000007a9d00000,0x00000007a9d00000,0x00000007ac200000)
 ParOldGen       total 102912K, used 74060K [0x0000000760000000, 0x0000000766480000, 0x00000007a0000000)
  object space 102912K, 71% used [0x0000000760000000,0x0000000764853108,0x0000000766480000)
 Metaspace       used 91238K, capacity 95378K, committed 95448K, reserved 1132544K
  class space    used 12396K, capacity 13286K, committed 13312K, reserved 1048576K
}
Event: 123.287 GC heap before
{Heap before GC invocations=37 (full 4):
 PSYoungGen      total 152064K, used 133249K [0x00000007a0000000, 0x00000007ac200000, 0x00000007c0000000)
  eden space 113152K, 100% used [0x00000007a0000000,0x00000007a6e80000,0x00000007a6e80000)
  from space 38912K, 51% used [0x00000007a6e80000,0x00000007a82205b8,0x00000007a9480000)
  to   space 37888K, 0% used [0x00000007a9d00000,0x00000007a9d00000,0x00000007ac200000)
 ParOldGen       total 122368K, used 119728K [0x0000000760000000, 0x0000000767780000, 0x00000007a0000000)
  object space 122368K, 97% used [0x0000000760000000,0x00000007674ec268,0x0000000767780000)
 Metaspace       used 91338K, capacity 95470K, committed 95704K, reserved 1132544K
  class space    used 12404K, capacity 13294K, committed 13312K, reserved 1048576K
Event: 124.580 GC heap after
Heap after GC invocations=37 (full 4):
 PSYoungGen      total 152064K, used 0K [0x00000007a0000000, 0x00000007ac200000, 0x00000007c0000000)
  eden space 113152K, 0% used [0x00000007a0000000,0x00000007a0000000,0x00000007a6e80000)
  from space 38912K, 0% used [0x00000007a6e80000,0x00000007a6e80000,0x00000007a9480000)
  to   space 37888K, 0% used [0x00000007a9d00000,0x00000007a9d00000,0x00000007ac200000)
 ParOldGen       total 216576K, used 118590K [0x0000000760000000, 0x000000076d380000, 0x00000007a0000000)
  object space 216576K, 54% used [0x0000000760000000,0x00000007673cf8c0,0x000000076d380000)
 Metaspace       used 91129K, capacity 94952K, committed 95704K, reserved 1132544K
  class space    used 12336K, capacity 13173K, committed 13312K, reserved 1048576K
}
Event: 129.553 GC heap before
{Heap before GC invocations=38 (full 4):
 PSYoungGen      total 152064K, used 113152K [0x00000007a0000000, 0x00000007ac200000, 0x00000007c0000000)
  eden space 113152K, 100% used [0x00000007a0000000,0x00000007a6e80000,0x00000007a6e80000)
  from space 38912K, 0% used [0x00000007a6e80000,0x00000007a6e80000,0x00000007a9480000)
  to   space 37888K, 0% used [0x00000007a9d00000,0x00000007a9d00000,0x00000007ac200000)
 ParOldGen       total 216576K, used 185826K [0x0000000760000000, 0x000000076d380000, 0x00000007a0000000)
  object space 216576K, 85% used [0x0000000760000000,0x000000076b578bd0,0x000000076d380000)
 Metaspace       used 91140K, capacity 94966K, committed 95704K, reserved 1132544K
  class space    used 12339K, capacity 13174K, committed 13312K, reserved 1048576K
Event: 129.565 GC heap after
Heap after GC invocations=38 (full 4):
 PSYoungGen      total 159744K, used 26179K [0x00000007a0000000, 0x00000007ac380000, 0x00000007c0000000)
  eden space 121856K, 0% used [0x00000007a0000000,0x00000007a0000000,0x00000007a7700000)
  from space 37888K, 69% used [0x00000007a9d00000,0x00000007ab690f30,0x00000007ac200000)
  to   space 38912K, 0% used [0x00000007a7700000,0x00000007a7700000,0x00000007a9d00000)
 ParOldGen       total 216576K, used 185834K [0x0000000760000000, 0x000000076d380000, 0x00000007a0000000)
  object space 216576K, 85% used [0x0000000760000000,0x000000076b57abd0,0x000000076d380000)
 Metaspace       used 91140K, capacity 94966K, committed 95704K, reserved 1132544K
  class space    used 12339K, capacity 13174K, committed 13312K, reserved 1048576K
}
Event: 1160.045 GC heap before
{Heap before GC invocations=39 (full 4):
 PSYoungGen      total 159744K, used 148035K [0x00000007a0000000, 0x00000007ac380000, 0x00000007c0000000)
  eden space 121856K, 100% used [0x00000007a0000000,0x00000007a7700000,0x00000007a7700000)
  from space 37888K, 69% used [0x00000007a9d00000,0x00000007ab690f30,0x00000007ac200000)
  to   space 38912K, 0% used [0x00000007a7700000,0x00000007a7700000,0x00000007a9d00000)
 ParOldGen       total 216576K, used 185834K [0x0000000760000000, 0x000000076d380000, 0x00000007a0000000)
  object space 216576K, 85% used [0x0000000760000000,0x000000076b57abd0,0x000000076d380000)
 Metaspace       used 95087K, capacity 99040K, committed 99544K, reserved 1134592K
  class space    used 12638K, capacity 13464K, committed 13568K, reserved 1048576K
Event: 1160.133 GC heap after
Heap after GC invocations=39 (full 4):
 PSYoungGen      total 160768K, used 8292K [0x00000007a0000000, 0x00000007aca00000, 0x00000007c0000000)
  eden space 121856K, 0% used [0x00000007a0000000,0x00000007a0000000,0x00000007a7700000)
  from space 38912K, 21% used [0x00000007a7700000,0x00000007a7f19040,0x00000007a9d00000)
  to   space 38400K, 0% used [0x00000007aa480000,0x00000007aa480000,0x00000007aca00000)
 ParOldGen       total 216576K, used 185842K [0x0000000760000000, 0x000000076d380000, 0x00000007a0000000)
  object space 216576K, 85% used [0x0000000760000000,0x000000076b57cbd0,0x000000076d380000)
 Metaspace       used 95087K, capacity 99040K, committed 99544K, reserved 1134592K
  class space    used 12638K, capacity 13464K, committed 13568K, reserved 1048576K
}

