# JRE version: OpenJDK Runtime Environment (8.0_242) (build 1.8.0_242-release-1644-b3-6222593)
# Java VM: OpenJDK 64-Bit Server VM (25.242-b3-6222593 mixed mode bsd-amd64 compressed oops)
Heap:
 PSYoungGen      total 123392K, used 13303K [0x00000007a0000000, 0x00000007aa200000, 0x00000007c0000000)
  eden space 110080K, 0% used [0x00000007a0000000,0x00000007a0000000,0x00000007a6b80000)
  from space 13312K, 99% used [0x00000007a6b80000,0x00000007a787deb8,0x00000007a7880000)
  to   space 15360K, 0% used [0x00000007a9300000,0x00000007a9300000,0x00000007aa200000)
 ParOldGen       total 91136K, used 29642K [0x0000000760000000, 0x0000000765900000, 0x00000007a0000000)
  object space 91136K, 32% used [0x0000000760000000,0x0000000761cf2a20,0x0000000765900000)
 Metaspace       used 57126K, capacity 58930K, committed 58968K, reserved 1099776K
  class space    used 7792K, capacity 8282K, committed 8320K, reserved 1048576K
GC Heap History (10 events):
Event: 19.053 GC heap after
Heap after GC invocations=13 (full 2):
 PSYoungGen      total 82432K, used 0K [0x00000007a0000000, 0x00000007a7100000, 0x00000007c0000000)
  eden space 72704K, 0% used [0x00000007a0000000,0x00000007a0000000,0x00000007a4700000)
  from space 9728K, 0% used [0x00000007a4700000,0x00000007a4700000,0x00000007a5080000)
  to   space 9728K, 0% used [0x00000007a6780000,0x00000007a6780000,0x00000007a7100000)
 ParOldGen       total 91136K, used 17553K [0x0000000760000000, 0x0000000765900000, 0x00000007a0000000)
  object space 91136K, 19% used [0x0000000760000000,0x00000007611247f8,0x0000000765900000)
 Metaspace       used 34556K, capacity 35360K, committed 35416K, reserved 1079296K
  class space    used 4718K, capacity 4973K, committed 4992K, reserved 1048576K
}
Event: 22.564 GC heap before
{Heap before GC invocations=14 (full 2):
 PSYoungGen      total 82432K, used 72704K [0x00000007a0000000, 0x00000007a7100000, 0x00000007c0000000)
  eden space 72704K, 100% used [0x00000007a0000000,0x00000007a4700000,0x00000007a4700000)
  from space 9728K, 0% used [0x00000007a4700000,0x00000007a4700000,0x00000007a5080000)
  to   space 9728K, 0% used [0x00000007a6780000,0x00000007a6780000,0x00000007a7100000)
 ParOldGen       total 91136K, used 17553K [0x0000000760000000, 0x0000000765900000, 0x00000007a0000000)
  object space 91136K, 19% used [0x0000000760000000,0x00000007611247f8,0x0000000765900000)
 Metaspace       used 42209K, capacity 43262K, committed 43352K, reserved 1087488K
  class space    used 5684K, capacity 5975K, committed 6016K, reserved 1048576K
Event: 22.582 GC heap after
Heap after GC invocations=14 (full 2):
 PSYoungGen      total 99328K, used 9234K [0x00000007a0000000, 0x00000007a7100000, 0x00000007c0000000)
  eden space 89600K, 0% used [0x00000007a0000000,0x00000007a0000000,0x00000007a5780000)
  from space 9728K, 94% used [0x00000007a6780000,0x00000007a7084bd8,0x00000007a7100000)
  to   space 10752K, 0% used [0x00000007a5c00000,0x00000007a5c00000,0x00000007a6680000)
 ParOldGen       total 91136K, used 17561K [0x0000000760000000, 0x0000000765900000, 0x00000007a0000000)
  object space 91136K, 19% used [0x0000000760000000,0x00000007611267f8,0x0000000765900000)
 Metaspace       used 42209K, capacity 43262K, committed 43352K, reserved 1087488K
  class space    used 5684K, capacity 5975K, committed 6016K, reserved 1048576K
}
Event: 25.765 GC heap before
{Heap before GC invocations=15 (full 2):
 PSYoungGen      total 99328K, used 98834K [0x00000007a0000000, 0x00000007a7100000, 0x00000007c0000000)
  eden space 89600K, 100% used [0x00000007a0000000,0x00000007a5780000,0x00000007a5780000)
  from space 9728K, 94% used [0x00000007a6780000,0x00000007a7084bd8,0x00000007a7100000)
  to   space 10752K, 0% used [0x00000007a5c00000,0x00000007a5c00000,0x00000007a6680000)
 ParOldGen       total 91136K, used 17561K [0x0000000760000000, 0x0000000765900000, 0x00000007a0000000)
  object space 91136K, 19% used [0x0000000760000000,0x00000007611267f8,0x0000000765900000)
 Metaspace       used 46165K, capacity 47334K, committed 47576K, reserved 1089536K
  class space    used 6200K, capacity 6552K, committed 6656K, reserved 1048576K
Event: 25.786 GC heap after
Heap after GC invocations=15 (full 2):
 PSYoungGen      total 104960K, used 10743K [0x00000007a0000000, 0x00000007a8500000, 0x00000007c0000000)
  eden space 94208K, 0% used [0x00000007a0000000,0x00000007a0000000,0x00000007a5c00000)
  from space 10752K, 99% used [0x00000007a5c00000,0x00000007a667dd38,0x00000007a6680000)
  to   space 12800K, 0% used [0x00000007a7880000,0x00000007a7880000,0x00000007a8500000)
 ParOldGen       total 91136K, used 19946K [0x0000000760000000, 0x0000000765900000, 0x00000007a0000000)
  object space 91136K, 21% used [0x0000000760000000,0x000000076137aa98,0x0000000765900000)
 Metaspace       used 46165K, capacity 47334K, committed 47576K, reserved 1089536K
  class space    used 6200K, capacity 6552K, committed 6656K, reserved 1048576K
}
Event: 31.806 GC heap before
{Heap before GC invocations=16 (full 2):
 PSYoungGen      total 104960K, used 104951K [0x00000007a0000000, 0x00000007a8500000, 0x00000007c0000000)
  eden space 94208K, 100% used [0x00000007a0000000,0x00000007a5c00000,0x00000007a5c00000)
  from space 10752K, 99% used [0x00000007a5c00000,0x00000007a667dd38,0x00000007a6680000)
  to   space 12800K, 0% used [0x00000007a7880000,0x00000007a7880000,0x00000007a8500000)
 ParOldGen       total 91136K, used 19946K [0x0000000760000000, 0x0000000765900000, 0x00000007a0000000)
  object space 91136K, 21% used [0x0000000760000000,0x000000076137aa98,0x0000000765900000)
 Metaspace       used 53382K, capacity 55148K, committed 55384K, reserved 1097728K
  class space    used 7260K, capacity 7740K, committed 7808K, reserved 1048576K
Event: 31.853 GC heap after
Heap after GC invocations=16 (full 2):
 PSYoungGen      total 122880K, used 10927K [0x00000007a0000000, 0x00000007a8c00000, 0x00000007c0000000)
  eden space 110080K, 0% used [0x00000007a0000000,0x00000007a0000000,0x00000007a6b80000)
  from space 12800K, 85% used [0x00000007a7880000,0x00000007a832bea0,0x00000007a8500000)
  to   space 13312K, 0% used [0x00000007a6b80000,0x00000007a6b80000,0x00000007a7880000)
 ParOldGen       total 91136K, used 29554K [0x0000000760000000, 0x0000000765900000, 0x00000007a0000000)
  object space 91136K, 32% used [0x0000000760000000,0x0000000761cdca10,0x0000000765900000)
 Metaspace       used 53382K, capacity 55148K, committed 55384K, reserved 1097728K
  class space    used 7260K, capacity 7740K, committed 7808K, reserved 1048576K
}
Event: 38.197 GC heap before
{Heap before GC invocations=17 (full 2):
 PSYoungGen      total 122880K, used 107520K [0x00000007a0000000, 0x00000007a8c00000, 0x00000007c0000000)
  eden space 110080K, 87% used [0x00000007a0000000,0x00000007a5e54308,0x00000007a6b80000)
  from space 12800K, 85% used [0x00000007a7880000,0x00000007a832bea0,0x00000007a8500000)
  to   space 13312K, 0% used [0x00000007a6b80000,0x00000007a6b80000,0x00000007a7880000)
 ParOldGen       total 91136K, used 29554K [0x0000000760000000, 0x0000000765900000, 0x00000007a0000000)
  object space 91136K, 32% used [0x0000000760000000,0x0000000761cdca10,0x0000000765900000)
 Metaspace       used 57126K, capacity 58930K, committed 58968K, reserved 1099776K
  class space    used 7792K, capacity 8282K, committed 8320K, reserved 1048576K
Event: 38.235 GC heap after
Heap after GC invocations=17 (full 2):
 PSYoungGen      total 123392K, used 13303K [0x00000007a0000000, 0x00000007aa200000, 0x00000007c0000000)
  eden space 110080K, 0% used [0x00000007a0000000,0x00000007a0000000,0x00000007a6b80000)
  from space 13312K, 99% used [0x00000007a6b80000,0x00000007a787deb8,0x00000007a7880000)
  to   space 15360K, 0% used [0x00000007a9300000,0x00000007a9300000,0x00000007aa200000)
 ParOldGen       total 91136K, used 29642K [0x0000000760000000, 0x0000000765900000, 0x00000007a0000000)
  object space 91136K, 32% used [0x0000000760000000,0x0000000761cf2a20,0x0000000765900000)
 Metaspace       used 57126K, capacity 58930K, committed 58968K, reserved 1099776K
  class space    used 7792K, capacity 8282K, committed 8320K, reserved 1048576K
}
Event: 38.235 GC heap before
{Heap before GC invocations=18 (full 3):
 PSYoungGen      total 123392K, used 13303K [0x00000007a0000000, 0x00000007aa200000, 0x00000007c0000000)
  eden space 110080K, 0% used [0x00000007a0000000,0x00000007a0000000,0x00000007a6b80000)
  from space 13312K, 99% used [0x00000007a6b80000,0x00000007a787deb8,0x00000007a7880000)
  to   space 15360K, 0% used [0x00000007a9300000,0x00000007a9300000,0x00000007aa200000)
 ParOldGen       total 91136K, used 29642K [0x0000000760000000, 0x0000000765900000, 0x00000007a0000000)
  object space 91136K, 32% used [0x0000000760000000,0x0000000761cf2a20,0x0000000765900000)
 Metaspace       used 57126K, capacity 58930K, committed 58968K, reserved 1099776K
  class space    used 7792K, capacity 8282K, committed 8320K, reserved 1048576K

